11:42:06 INFO  : Registering command handlers for SDK TCF services
11:42:12 INFO  : Launching XSCT server: xsct -n -interactive /home/mirel/zybo/temp_xsdb_launch_script.tcl
11:42:15 INFO  : XSCT server has started successfully.
11:42:15 INFO  : Successfully done setting XSCT server connection channel  
11:42:15 INFO  : Successfully done setting SDK workspace  
15:02:35 INFO  : Registering command handlers for SDK TCF services
15:02:37 INFO  : Launching XSCT server: xsct -n -interactive /home/mirel/zybo/temp_xsdb_launch_script.tcl
15:02:40 INFO  : XSCT server has started successfully.
15:02:40 INFO  : Successfully done setting XSCT server connection channel  
15:02:40 INFO  : Successfully done setting SDK workspace  
18:34:16 INFO  : Registering command handlers for SDK TCF services
18:34:18 INFO  : Launching XSCT server: xsct -n -interactive /home/mirel/zybo/temp_xsdb_launch_script.tcl
18:34:21 INFO  : XSCT server has started successfully.
18:34:21 INFO  : Successfully done setting XSCT server connection channel  
18:34:21 INFO  : Successfully done setting SDK workspace  
10:28:00 INFO  : Registering command handlers for SDK TCF services
10:28:02 INFO  : Launching XSCT server: xsct -n -interactive /home/mirel/zybo/temp_xsdb_launch_script.tcl
10:28:06 INFO  : XSCT server has started successfully.
10:28:06 INFO  : Successfully done setting XSCT server connection channel  
10:28:06 INFO  : Successfully done setting SDK workspace  
11:17:04 INFO  : Registering command handlers for SDK TCF services
11:17:05 INFO  : Launching XSCT server: xsct -n -interactive /home/mirel/zybo/temp_xsdb_launch_script.tcl
11:17:07 INFO  : XSCT server has started successfully.
11:17:08 INFO  : Successfully done setting XSCT server connection channel  
11:17:08 INFO  : Successfully done setting SDK workspace  
11:19:26 INFO  : Registering command handlers for SDK TCF services
11:19:28 INFO  : Launching XSCT server: xsct -n -interactive /home/mirel/zybo/temp_xsdb_launch_script.tcl
11:19:30 INFO  : XSCT server has started successfully.
11:19:30 INFO  : Successfully done setting XSCT server connection channel  
11:19:30 INFO  : Successfully done setting SDK workspace  
14:28:58 INFO  : Registering command handlers for SDK TCF services
14:29:00 INFO  : Launching XSCT server: xsct -n -interactive /home/mirel/zybo/temp_xsdb_launch_script.tcl
14:29:03 INFO  : XSCT server has started successfully.
14:29:03 INFO  : Successfully done setting XSCT server connection channel  
14:29:03 INFO  : Successfully done setting SDK workspace  
20:09:34 INFO  : Registering command handlers for SDK TCF services
20:09:35 INFO  : Launching XSCT server: xsct -n -interactive /home/mirel/zybo/temp_xsdb_launch_script.tcl
20:09:38 INFO  : XSCT server has started successfully.
20:09:39 INFO  : Successfully done setting XSCT server connection channel  
20:09:39 INFO  : Successfully done setting SDK workspace  
15:44:29 INFO  : Registering command handlers for SDK TCF services
15:44:30 INFO  : Launching XSCT server: xsct -n -interactive /home/mirel/zybo/temp_xsdb_launch_script.tcl
15:44:33 INFO  : XSCT server has started successfully.
15:44:33 INFO  : Successfully done setting XSCT server connection channel  
15:44:33 INFO  : Successfully done setting SDK workspace  
16:32:42 INFO  : Registering command handlers for SDK TCF services
16:32:44 INFO  : Launching XSCT server: xsct -n -interactive /home/mirel/zybo/temp_xsdb_launch_script.tcl
16:32:47 INFO  : XSCT server has started successfully.
16:32:47 INFO  : Successfully done setting XSCT server connection channel  
16:32:48 INFO  : Successfully done setting SDK workspace  
