#-----------------------------------------------------------
# Webtalk v2017.4 (64-bit)
# SW Build 2086221 on Fri Dec 15 20:54:30 MST 2017
# 
# Start of session at: Fri Mar 22 20:40:31 2019
# Process ID: 6996
# Current directory: /home/mirel/zybo/webtalk
# Command line: wbtcv -mode batch -source sdk_webtalk.tcl
# Log file: /home/mirel/zybo/webtalk/webtalk.log
# Journal file: /home/mirel/zybo/webtalk/webtalk.jou
#-----------------------------------------------------------
source sdk_webtalk.tcl
# webtalk_init -webtalk_dir /home/mirel/zybo/webtalk
# webtalk_register_client -client project
# webtalk_add_data -client project -key date_generated -value "2019-03-22 20:40:29" -context "software_version_and_target_device"
# webtalk_add_data -client project -key product_version -value "SDK v2017.4" -context "software_version_and_target_device"
# webtalk_add_data -client project -key build_version -value "2017.4" -context "software_version_and_target_device"
# webtalk_add_data -client project -key os_platform -value "amd64" -context "software_version_and_target_device"
# webtalk_add_data -client project -key registration_id -value "" -context "software_version_and_target_device"
# webtalk_add_data -client project -key tool_flow -value "SDK" -context "software_version_and_target_device"
# webtalk_add_data -client project -key beta -value "false" -context "software_version_and_target_device"
# webtalk_add_data -client project -key route_design -value "NA" -context "software_version_and_target_device"
# webtalk_add_data -client project -key target_family -value "NA" -context "software_version_and_target_device"
# webtalk_add_data -client project -key target_device -value "NA" -context "software_version_and_target_device"
# webtalk_add_data -client project -key target_package -value "NA" -context "software_version_and_target_device"
# webtalk_add_data -client project -key target_speed -value "NA" -context "software_version_and_target_device"
# webtalk_add_data -client project -key random_id -value "hsha4vi047u0imgh57ilfc3ejo" -context "software_version_and_target_device"
# webtalk_add_data -client project -key project_id -value "2017.4_1" -context "software_version_and_target_device"
# webtalk_add_data -client project -key project_iteration -value "1" -context "software_version_and_target_device"
# webtalk_add_data -client project -key os_name -value "Ubuntu" -context "user_environment"
# webtalk_add_data -client project -key os_release -value "Ubuntu 16.04.6 LTS" -context "user_environment"
# webtalk_add_data -client project -key cpu_name -value "Intel(R) Core(TM) m5-6Y54 CPU @ 1.10GHz" -context "user_environment"
# webtalk_add_data -client project -key cpu_speed -value "2300.662 MHz" -context "user_environment"
# webtalk_add_data -client project -key total_processors -value "1" -context "user_environment"
# webtalk_add_data -client project -key system_ram -value "8,157 GB" -context "user_environment"
# webtalk_register_client -client sdk
# webtalk_add_data -client sdk -key uid -value "1553250062000" -context "sdk\\\\application/1553250062000"
# webtalk_add_data -client sdk -key os -value "linux" -context "sdk\\\\application/1553250062000"
# webtalk_add_data -client sdk -key apptemplate -value "opencv_application" -context "sdk\\\\application/1553250062000"
# webtalk_add_data -client sdk -key RecordType -value "APPCreation" -context "sdk\\\\application/1553250062000"
# webtalk_add_data -client sdk -key LangUsed -value "CPP" -context "sdk\\\\application/1553250062000"
# webtalk_add_data -client sdk -key Procused -value "" -context "sdk\\\\application/1553250062000"
# webtalk_add_data -client sdk -key projSize -value "429.66796875" -context "sdk\\\\application/1553250062000"
# webtalk_add_data -client sdk -key uid -value "NA" -context "sdk\\\\bsp/1553280029531"
# webtalk_add_data -client sdk -key RecordType -value "ToolUsage" -context "sdk\\\\bsp/1553280029531"
# webtalk_add_data -client sdk -key BootgenCount -value "0" -context "sdk\\\\bsp/1553280029531"
# webtalk_add_data -client sdk -key DebugCount -value "0" -context "sdk\\\\bsp/1553280029531"
# webtalk_add_data -client sdk -key PerfCount -value "0" -context "sdk\\\\bsp/1553280029531"
# webtalk_add_data -client sdk -key FlashCount -value "0" -context "sdk\\\\bsp/1553280029531"
# webtalk_add_data -client sdk -key CrossTriggCount -value "0" -context "sdk\\\\bsp/1553280029531"
# webtalk_add_data -client sdk -key QemuDebugCount -value "0" -context "sdk\\\\bsp/1553280029531"
# webtalk_transmit -clientid 2115070894 -regid "" -xml /home/mirel/zybo/webtalk/usage_statistics_ext_sdk.xml -html /home/mirel/zybo/webtalk/usage_statistics_ext_sdk.html -wdm /home/mirel/zybo/webtalk/sdk_webtalk.wdm -intro "<H3>SDK Usage Report</H3><BR>"
# webtalk_terminate
INFO: [Common 17-206] Exiting Webtalk at Fri Mar 22 20:40:31 2019...
