21:34:39 **** Auto Build of configuration Debug for project opencvcarctrl ****
make all 
Building file: ../src/main.cc
Invoking: ARM v7 Linux g++ compiler
arm-linux-gnueabihf-g++ -Wall -O0 -g3 -I"/home/mirel/.opt/SDK/2017.4/data/embeddedsw/ThirdParty/opencv/aarch32/include" -I"/home/mirel/Zybo/SDCar/build/tmp/sysroots/plnx_arm/usr/include" -I"/home/mirel/.opt/petalinux/tools/linux-i386/gcc-arm-linux-gnueabi/arm-linux-gnueabihf/include" -I"/home/mirel/.opt/petalinux/tools/linux-i386/gcc-arm-linux-gnueabi/arm-linux-gnueabihf/include/c++/6.2.1" -I"/home/mirel/.opt/petalinux/tools/linux-i386/gcc-arm-linux-gnueabi/arm-linux-gnueabihf/include/c++/6.2.1/arm-linux-gnueabihf" -I"/home/mirel/.opt/petalinux/tools/linux-i386/gcc-arm-linux-gnueabi/arm-linux-gnueabihf/include/c++/6.2.1/backward" -I"/home/mirel/.opt/petalinux/tools/linux-i386/gcc-arm-linux-gnueabi/arm-linux-gnueabihf/libc/usr/include" -I"/home/mirel/.opt/petalinux/tools/linux-i386/gcc-arm-linux-gnueabi/lib/gcc/arm-linux-gnueabihf/6.2.1/include" -I"/home/mirel/.opt/petalinux/tools/linux-i386/gcc-arm-linux-gnueabi/lib/gcc/arm-linux-gnueabihf/6.2.1/include-fixed" -c -fmessage-length=0 -MT"src/main.o" -MMD -MP -MF"src/main.d" -MT"src/main.o" -o "src/main.o" "../src/main.cc"
../src/main.cc: In function ‘int servo_comand_line(cv::Mat)’:
../src/main.cc:87:6: warning: unused variable ‘w’ [-Wunused-variable]
  int w = img.cols;
      ^
../src/main.cc:88:6: warning: unused variable ‘h’ [-Wunused-variable]
  int h = img.rows;
      ^
../src/main.cc: In function ‘void one_poly(cv::Mat)’:
../src/main.cc:133:6: warning: unused variable ‘w’ [-Wunused-variable]
  int w = img.cols;
      ^
../src/main.cc: In function ‘void two_poly(cv::Mat)’:
../src/main.cc:152:6: warning: unused variable ‘w’ [-Wunused-variable]
  int w = img.cols;
      ^
../src/main.cc:153:6: warning: unused variable ‘h’ [-Wunused-variable]
  int h = img.rows;
      ^
../src/main.cc: In function ‘int main(int, char**)’:
../src/main.cc:214:11: warning: unused variable ‘begin’ [-Wunused-variable]
   clock_t begin = clock();
           ^~~~~
Finished building: ../src/main.cc
 
Building target: opencvcarctrl.elf
Invoking: ARM v7 Linux g++ linker
arm-linux-gnueabihf-g++ -L"/home/mirel/.opt/SDK/2017.4/data/embeddedsw/ThirdParty/opencv/aarch32/lib" -L"/home/mirel/Zybo/SDCar/build/tmp/sysroots/plnx_arm/usr/lib" -L"/home/mirel/Zybo/SDCar/build/tmp/sysroots/plnx_arm/lib" --sysroot="/home/mirel/Zybo/SDCar/build/tmp/sysroots/plnx_arm" -o "opencvcarctrl.elf"  ./src/main.o   -lopencv_core -lm -lopencv_imgcodecs -lopencv_imgproc
Finished building target: opencvcarctrl.elf
 
Invoking: ARM v7 Linux Print Size
arm-linux-gnueabihf-size opencvcarctrl.elf  |tee "opencvcarctrl.elf.size"
   text	   data	    bss	    dec	    hex	filename
  20402	    504	    148	  21054	   523e	opencvcarctrl.elf
Finished building: opencvcarctrl.elf.size
 

21:34:41 Build Finished (took 2s.366ms)

